
            Assura (R) Physical Verification Version av4.1:Production:dfII20.1-64b:ICADVM20.1-64b.500.25
            Release 4.1_USR6_EHF13

Copyright (c) Cadence Design Systems. All rights reserved.
@(#)$CDS: assura_64 version av4.1:Production:dfII20.1-64b:ICADVM20.1-64b.500.25 11/04/2022 00:28 (sjfhw885) $
sub-version 4.1_USR6_EHF13, integ signature 2022-11-04-0002

run on etrx18.somaiya.edu from /home/kjsce/Downloads/install/ASSURA41/tools.lnx86/assura/bin/64bit/assura on Thu Aug  7 16:32:19 2025


Starting /home/kjsce/Downloads/install/ASSURA41//tools.lnx86/assura/bin/aveng /home/kjsce/Desktop/Test/RAD_HARD_ALU/drc_temp/ALU_4b.rsf -exec1 -LVS -cdslib /home/kjsce/Desktop/Test/cds.lib
@(#)$CDS: aveng_64 version av4.1:Production:dfII20.1-64b:ICADVM20.1-64b.500.25 11/04/2022 00:29 (sjfhw885) $
sub-version 4.1_USR6_EHF13, integ signature 2022-11-04-0002

run on etrx18.somaiya.edu from /home/kjsce/Downloads/install/ASSURA41/tools.lnx86/assura/bin/64bit/aveng on Thu Aug  7 16:32:19 2025


Loading tech rule set file : /home/kjsce/Downloads/install/FOUNDRY/analog/90nm/assura/techRuleSets

Loading tech rule set file : /home/kjsce/Downloads/install/FOUNDRY/analog/90nm/assura/techRuleSets

Loading tech rule set file : /home/kjsce/Downloads/install/FOUNDRY/analog/90nm/assura/techRuleSets

Loading tech rule set file : /home/kjsce/Downloads/install/FOUNDRY/analog/90nm/assura/techRuleSets

Loading tech rule set file : /home/kjsce/Downloads/install/FOUNDRY/analog/90nm/assura/techRuleSets
 Summary Report: ALU_4b.sum
 RSF           : /home/kjsce/Desktop/Test/RAD_HARD_ALU/drc_temp/ALU_4b.rsf
 Library Name  : RAD_HARD_ALU
 CDSLIB Path   : "/home/kjsce/Desktop/Test/cds.lib"
 Cell Name     : ALU_4b
 View Name     : layout
 Rules File    : /home/kjsce/Downloads/install/FOUNDRY/analog/90nm/assura/extract.rul
 Options       : -exec1 -LVS -cdslib /home/kjsce/Desktop/Test/cds.lib 
 Work Directory: /home/kjsce/Desktop/Test/RAD_HARD_ALU/drc_temp
 Operating Mode: Legacy Mode is Off


Starting dfIIToVdb...
2025/08/07 16:32:19 WARNING This OS does not appear to be a Cadence supported Linux configuration.
2025/08/07 16:32:19 For more info, please run CheckSysConf in <cdsRoot/tools.lnx86/bin/checkSysConf <productId>
Virtuoso Framework License (111) was checked out successfully. Total checkout time was 5.34s.
WARNING License '111' took more than 5.00 seconds (actual time was 5.34 seconds) to check out.
@(#)$CDS: dfIIToVdb_64 version av4.1:Production:dfII20.1-64b:ICADVM20.1-64b.500.25 11/04/2022 00:36 (sjfhw885) $
sub-version 4.1_USR6_EHF13, integ signature 2022-11-04-0002

run on etrx18.somaiya.edu from /home/kjsce/Downloads/install/ASSURA41/tools.lnx86/assura/bin/64bit/dfIIToVdb on Thu Aug  7 16:32:25 2025


Loading tech rule set file : /home/kjsce/Downloads/install/FOUNDRY/analog/90nm/assura/techRuleSets

Loading tech rule set file : /home/kjsce/Downloads/install/FOUNDRY/analog/90nm/assura/techRuleSets

Loading tech rule set file : /home/kjsce/Downloads/install/FOUNDRY/analog/90nm/assura/techRuleSets

Loading tech rule set file : /home/kjsce/Downloads/install/FOUNDRY/analog/90nm/assura/techRuleSets

Loading tech rule set file : /home/kjsce/Downloads/install/FOUNDRY/analog/90nm/assura/techRuleSets
*WARNING* The directory: '/home/install/FOUNDRY/rfLib_new' does not exist
	but was defined in libFile '/home/kjsce/Downloads/install/FOUNDRY/cds.lib' for Lib 'rfLib_new'.
*WARNING* The directory: '/home/install/FOUNDRY/rfLib_new' does not exist
	but was defined in libFile '/home/kjsce/Downloads/install/FOUNDRY/cds.lib' for Lib 'rfLib_new'.
Loading gpdk090/libInit.il ...
	Loading gpdk090/loadCxt.ile ... done!
	Loading context 'gpdk090' from library 'gpdk090' ... done!
	Loading context 'pdkUtils' from library 'gpdk090' ... done!
	Loading gpdk090/gpdk090_customFilter.il ... done!
	Loading gpdk090/.simrc ... done!
	Loading gpdk090/libInitCustomExit.il ... 	Loading Environment Settings ...
*WARNING* envSetVal: Can't set the value of variable 'extractVerifySubstrate',
	in tool[.partition] 'layout' - it has not been registered.
*WARNING* Master env file /home/kjsce/Downloads/install/ASSURA41/tools.lnx86/dfII/etc/tools/spectre/.cdsenv is not readable
*WARNING* envSetVal: could not find tool[.partition] 'spectre.envOpts'
*WARNING* Cannot find /home/kjsce/Downloads/install/ASSURA41/tools.lnx86/dfII/etc/tools/hspiceD directory to load environment variables
	Loading gpdk090/gpdk090_PDKRegistrations.il ... done!

  *************************************************************           
  *              Cadence Design Systems, Inc.                 *           
  *                                                           *           
  *                    Generic 90nm PDK                       *           
  *                        (gpdk090)                          *           
  *                                                           *           
  *************************************************************           
	

	Version : 4.6

	Build date: 10-FEB-2011

done!
Loaded gpdk090/libInit.il successfully!
*WARNING* envSetVal: could not find tool[.partition] 'hspiceD.envOpts'
Compiling rules...

WARNING LVS Run detected.
Non-legacy mode has been disabled for this LVS run
2025/08/07 16:32:25 WARNING This OS does not appear to be a Cadence supported Linux configuration.
2025/08/07 16:32:25 For more info, please run CheckSysConf in <cdsRoot/tools.lnx86/bin/checkSysConf <productId>
Checking out license for Assura_LVS
*WARNING* Failed to obtain license for Assura_LVS
No Assura license available.
Checking out license for Phys_Ver_Sys_LVS_XL

Reading the design data...



Finished dfIIToVdb.

Building the VDB part 2 in background mode.
2025/08/07 16:32:36 WARNING This OS does not appear to be a Cadence supported Linux configuration.
2025/08/07 16:32:36 For more info, please run CheckSysConf in <cdsRoot/tools.lnx86/bin/checkSysConf <productId>

Building tables for LVS Preprocessing in background mode.


Starting /home/kjsce/Downloads/install/ASSURA41/tools.lnx86/assura/bin/vdbToCells /home/kjsce/Desktop/Test/RAD_HARD_ALU/drc_temp ALU_4b

Finished /home/kjsce/Downloads/install/ASSURA41/tools.lnx86/assura/bin/vdbToCells

Starting Nvn PreExtraction...

Starting /home/kjsce/Downloads/install/ASSURA41/tools.lnx86/assura/bin/nvn /home/kjsce/Desktop/Test/RAD_HARD_ALU/drc_temp/ALU_4b.rsf -preExtract -exec1 -cdslib /home/kjsce/Desktop/Test/cds.lib
Checking out license for Assura_LVS
Checking out license for Phys_Ver_Sys_LVS_XL
@(#)$CDS: nvn_64 version av4.1:Production:dfII20.1-64b:ICADVM20.1-64b.500.25 11/04/2022 00:36 (sjfhw885) $
sub-version 4.1_USR6_EHF13, integ signature 2022-11-04-0002
run on etrx18.somaiya.edu at Thu Aug  7 16:32:57 2025
  
*************************************************************** 
  
 GENERIC PDK Assura Compare Rules file 
  Cadence Design Systems shall not be liable for the accuracy 
  of this LVS rule file or its ability to capture errors.     
  The user is responsible for thoroughly testing and          
  implementing its features.                                  
 
*************************************************************** 
 
Reading schematic network
 running dfIIToVldb -cdslib /home/kjsce/Desktop/Test/cds.lib /home/kjsce/Desktop/Test/RAD_HARD_ALU/drc_temp/ALU_4b.vlr /home/kjsce/Desktop/Test/RAD_HARD_ALU/drc_temp/ALU_4b.rsf
Virtuoso Framework License (111) was checked out successfully. Total checkout time was 10.50s.
WARNING License '111' took more than 5.00 seconds (actual time was 10.50 seconds) to check out.
ERROR (LMF-02096): License call failed for feature Virtuoso_Adv_Node_Framework, version 20.100 and quantity 1. The license server search path is defined as 5280@14.139.1.126. The FLEXnet error message is as follows,     FLEXnet ERROR(-96, 0, 0): License server machine is down or not responding.  Run 'lic_error LMF-02096' for more information..
ERROR (ELI-00111) Failed to check out license 'Virtuoso_Adv_Node_Framework'.
ERROR (ELI-00133) Failed to launch the application because the required license is not available. Ensure that the environment variables are set correctly and that the license server is up and has the required licenses available.
Error - dfIIToVldb failed to execute

Finished /home/kjsce/Downloads/install/ASSURA41/tools.lnx86/assura/bin/nvn

*WARNING* An error occurred during Nvn PreExtraction.
LVS preprocessing requires a successful run of Nvn.
Assura will now terminate.


*WARNING* /home/kjsce/Downloads/install/ASSURA41/tools.lnx86/assura/bin/nvn exit with bad status
*WARNING* Status 256
*WARNING* Assura execution terminated
*WARNING* Bad exit from child process .. 0x100


*****  aveng terminated abnormally  *****


*WARNING* aveng exit with bad status


*****  aveng fork terminated abnormally  *****

*WARNING* Status 256
*WARNING* Assura execution terminated
