
            Assura (R) Physical Verification Version av4.1:Production:dfII20.1-64b:ICADVM20.1-64b.500.25
            Release 4.1_USR6_EHF13

Copyright (c) Cadence Design Systems. All rights reserved.
@(#)$CDS: assura_64 version av4.1:Production:dfII20.1-64b:ICADVM20.1-64b.500.25 11/04/2022 00:28 (sjfhw885) $
sub-version 4.1_USR6_EHF13, integ signature 2022-11-04-0002

run on etrx18.somaiya.edu from /home/kjsce/Downloads/install/ASSURA41/tools.lnx86/assura/bin/64bit/assura on Tue Jun  3 11:24:57 2025


Starting /home/kjsce/Downloads/install/ASSURA41//tools.lnx86/assura/bin/aveng /home/kjsce/Desktop/Test/RAD_HARD_ALU/drc_temp/INVERTER.rsf -exec1 -LVS -cdslib /home/kjsce/Desktop/Test/cds.lib
@(#)$CDS: aveng_64 version av4.1:Production:dfII20.1-64b:ICADVM20.1-64b.500.25 11/04/2022 00:29 (sjfhw885) $
sub-version 4.1_USR6_EHF13, integ signature 2022-11-04-0002

run on etrx18.somaiya.edu from /home/kjsce/Downloads/install/ASSURA41/tools.lnx86/assura/bin/64bit/aveng on Tue Jun  3 11:24:57 2025


Loading tech rule set file : /home/kjsce/Downloads/install/FOUNDRY/analog/90nm/assura/techRuleSets

Loading tech rule set file : /home/kjsce/Downloads/install/FOUNDRY/analog/90nm/assura/techRuleSets

Loading tech rule set file : /home/kjsce/Downloads/install/FOUNDRY/analog/90nm/assura/techRuleSets

Loading tech rule set file : /home/kjsce/Downloads/install/FOUNDRY/analog/90nm/assura/techRuleSets

Loading tech rule set file : /home/kjsce/Downloads/install/FOUNDRY/analog/90nm/assura/techRuleSets
 Summary Report: INVERTER.sum
 RSF           : /home/kjsce/Desktop/Test/RAD_HARD_ALU/drc_temp/INVERTER.rsf
 Library Name  : RAD_HARD_ALU
 CDSLIB Path   : "/home/kjsce/Desktop/Test/cds.lib"
 Cell Name     : INVERTER
 View Name     : layout
 Rules File    : /home/kjsce/Downloads/install/FOUNDRY/analog/90nm/assura/extract.rul
 Options       : -exec1 -LVS -cdslib /home/kjsce/Desktop/Test/cds.lib 
 Work Directory: /home/kjsce/Desktop/Test/RAD_HARD_ALU/drc_temp
 Operating Mode: Legacy Mode is Off


Starting dfIIToVdb...
2025/06/03 11:24:57 WARNING This OS does not appear to be a Cadence supported Linux configuration.
2025/06/03 11:24:57 For more info, please run CheckSysConf in <cdsRoot/tools.lnx86/bin/checkSysConf <productId>
Virtuoso Framework License (111) was checked out successfully. Total checkout time was 20.49s.
WARNING License '111' took more than 5.00 seconds (actual time was 20.49 seconds) to check out.
ERROR (LMF-02015): License call failed for feature Virtuoso_Adv_Node_Framework, version 20.100 and quantity 1. The license server search path is defined as 5280@14.139.1.126. The FLEXnet error message is as follows,     FLEXnet ERROR(-15, 0, 0): Cannot connect to license server system.  Run 'lic_error LMF-02015' for more information..
ERROR (ELI-00111) Failed to check out license 'Virtuoso_Adv_Node_Framework'.
ERROR (ELI-00133) Failed to launch the application because the required license is not available. Ensure that the environment variables are set correctly and that the license server is up and has the required licenses available.
*WARNING* Translation abnormally terminated!


*****  aveng fork terminated abnormally  *****


*WARNING* aveng exit with bad status
*WARNING* Status 256
*WARNING* Assura execution terminated
